-----------------------JD Flow Ctrl Version 1.0-----------------------

/*-*-*-*-*-*-*-*-*Anaylsis Job File*-*-*-*-*-*-*-*-*/

Input File				:  /home/lub/data/envrtest/0304-8bit.jd
Number of Gather			:  30
Sample interval (ms)			:  2
Trace length (ms)			:  6000
Maximum number of traces per ensemble	:  1600


/*-*-*-*-*-*-*-*-*Module Parameter*-*-*-*-*-*-*-*-*/

..........FirstBreakAutoPick..........
[tw]			: 50  -----26
[isoutput]			: 1  -----64
[maxvel]			: 2000  -----55
[pickFileName]		: /home/lub/program/qt/flow/pick2.pick  -----98
[minvelo]			: 1500  -----60
[jdthpath]			: null  -----64
[smooth]			: 1  -----58


..........AbnormalTraceScan..........
[unbalanceValue]		: 20  -----112
[singleValue]		: 0.05  -----83
[isoutput]			: 1  -----64
[emptyValue]		: 0.0001  -----87
[scanFileName]		: scfilename2.scan  -----102
[stime]			: 200  -----45
[noiseValueT]		: 0.1  -----88
[noiseValueG]		: 5  -----90
[jdthpath]			: null  -----64
[etime]			: 1200  -----46


..........TraceDisplay..........
[jdthpath]			: null  -----64




